<?xml version="1.0" encoding="UTF-8"?>
<!-- Generated by org.testng.reporters.JUnitReportReporter -->
<testsuite hostname="ITEM-S82201" failures="0" tests="1" name="Gmail_Login_Process.NewTest" time="18.149" errors="0" timestamp="2022-05-16T16:19:50 IST" skipped="0">
  <testcase classname="Gmail_Login_Process.NewTest" name="testEasy" time="18.149"/>
  <system-out/>
</testsuite> <!-- Gmail_Login_Process.NewTest -->
